#
# There is insufficient memory for the Java Runtime Environment to continue.
# Native memory allocation (mmap) failed to map 234881024 bytes. Error detail: G1 virtual space
# Possible reasons:
#   The system is out of physical RAM or swap space
#   This process is running with CompressedOops enabled, and the Java Heap may be blocking the growth of the native heap
# Possible solutions:
#   Reduce memory load on the system
#   Increase physical memory or swap space
#   Check if swap backing store is full
#   Decrease Java heap size (-Xmx/-Xms)
#   Decrease number of Java threads
#   Decrease Java thread stack sizes (-Xss)
#   Set larger code cache with -XX:ReservedCodeCacheSize=
#   JVM is running with Zero Based Compressed Oops mode in which the Java heap is
#     placed in the first 32GB address space. The Java Heap base address is the
#     maximum limit for the native heap growth. Please use -XX:HeapBaseMinAddress
#     to set the Java Heap base and to place the Java Heap above 32GB virtual address.
# This output file may be truncated or incomplete.
#
#  Out of Memory Error (os_windows.cpp:3631), pid=41248, tid=8648
#
# JRE version:  (22.0.2+9) (build )
# Java VM: Java HotSpot(TM) 64-Bit Server VM (22.0.2+9-70, mixed mode, sharing, tiered, compressed oops, compressed class ptrs, g1 gc, windows-amd64)
# No core dump will be written. Minidumps are not enabled by default on client versions of Windows
#

---------------  S U M M A R Y ------------

Command Line: -Dfile.encoding=UTF-8 --module-path=D:\ICBT Campus 2024\Semester 02\Object Oriented Programming\Assignment\ThePawsShop\build\classes thepawsshop.AddProducts

Host: AMD Ryzen 5 3500U with Radeon Vega Mobile Gfx  , 8 cores, 13G,  Windows 11 , 64 bit Build 22621 (10.0.22621.3958)
Time: Sat Nov  2 19:32:02 2024 Sri Lanka Standard Time elapsed time: 0.016553 seconds (0d 0h 0m 0s)

---------------  T H R E A D  ---------------

Current thread (0x00000253e95c4660):  JavaThread "Unknown thread" [_thread_in_vm, id=8648, stack(0x000000a0a7500000,0x000000a0a7600000) (1024K)]

Stack: [0x000000a0a7500000,0x000000a0a7600000]
Native frames: (J=compiled Java code, j=interpreted, Vv=VM code, C=native code)
V  [jvm.dll+0x6e26e9]  (no source info available)
V  [jvm.dll+0x875753]  (no source info available)
V  [jvm.dll+0x877b7e]  (no source info available)
V  [jvm.dll+0x878253]  (no source info available)
V  [jvm.dll+0x27fc86]  (no source info available)
V  [jvm.dll+0x6ded85]  (no source info available)
V  [jvm.dll+0x6d388a]  (no source info available)
V  [jvm.dll+0x358b8a]  (no source info available)
V  [jvm.dll+0x3610b6]  (no source info available)
V  [jvm.dll+0x3b419e]  (no source info available)
V  [jvm.dll+0x3b4448]  (no source info available)
V  [jvm.dll+0x32c5ec]  (no source info available)
V  [jvm.dll+0x32d258]  (no source info available)
V  [jvm.dll+0x83d5ac]  (no source info available)
V  [jvm.dll+0x3c10d1]  (no source info available)
V  [jvm.dll+0x8264cc]  (no source info available)
V  [jvm.dll+0x45bd5e]  (no source info available)
V  [jvm.dll+0x45dbe1]  (no source info available)
C  [jli.dll+0x52a3]  (no source info available)
C  [ucrtbase.dll+0x29333]  (no source info available)
C  [KERNEL32.DLL+0x1257d]  (no source info available)
C  [ntdll.dll+0x5af08]  (no source info available)


---------------  P R O C E S S  ---------------

Threads class SMR info:
_java_thread_list=0x00007ff8304cc1c8, length=0, elements={
}

Java Threads: ( => current thread )
Total: 0

Other Threads:
  0x00000253eb82ce60 WorkerThread "GC Thread#0"                     [id=3232, stack(0x000000a0a7600000,0x000000a0a7700000) (1024K)]
  0x00000253eb83bec0 ConcurrentGCThread "G1 Main Marker"            [id=1948, stack(0x000000a0a7700000,0x000000a0a7800000) (1024K)]
  0x00000253eb83d170 WorkerThread "G1 Conc#0"                       [id=4776, stack(0x000000a0a7800000,0x000000a0a7900000) (1024K)]

[error occurred during error reporting (printing all threads), id 0xc0000005, EXCEPTION_ACCESS_VIOLATION (0xc0000005) at pc=0x00007ff82fc1f517]
VM state: not at safepoint (not fully initialized)

VM Mutex/Monitor currently owned by a thread:  ([mutex/lock_event])
[0x00007ff83054cc80] Heap_lock - owner thread: 0x00000253e95c4660

Heap address: 0x0000000721400000, size: 3564 MB, Compressed Oops mode: Zero based, Oop shift amount: 3

CDS archive(s) mapped at: [0x0000000000000000-0x0000000000000000-0x0000000000000000), size 0, SharedBaseAddress: 0x0000000800000000, ArchiveRelocationMode: 1.
Narrow klass base: 0x0000000000000000, Narrow klass shift: 0, Narrow klass range: 0x0

GC Precious Log:
 CardTable entry size: 512
 Card Set container configuration: InlinePtr #cards 4 size 8 Array Of Cards #cards 16 size 48 Howl #buckets 8 coarsen threshold 3686 Howl Bitmap #cards 512 size 80 coarsen threshold 460 Card regions per heap region 1 cards per card region 4096

Heap:
 garbage-first heap   total reserved 3649536K, committed 0K, used 0K [0x0000000721400000, 0x0000000800000000)
  region size 2048K, 0 young (0K), 0 survivors (0K)

[error occurred during error reporting (printing heap information), id 0xc0000005, EXCEPTION_ACCESS_VIOLATION (0xc0000005) at pc=0x00007ff83001e869]
GC Heap History (0 events):
No events

Dll operation events (1 events):
Event: 0.011 Loaded shared library C:\Program Files\Java\jdk-22\bin\java.dll

Deoptimization events (0 events):
No events

Classes loaded (0 events):
No events

Classes unloaded (0 events):
No events

Classes redefined (0 events):
No events

Internal exceptions (0 events):
No events

ZGC Phase Switch (0 events):
No events

VM Operations (0 events):
No events

Memory protections (0 events):
No events

Nmethod flushes (0 events):
No events

Events (0 events):
No events


Dynamic libraries:
0x00007ff6e7c60000 - 0x00007ff6e7c70000 	C:\Program Files\Java\jdk-22\bin\java.exe
0x00007ff8b8a50000 - 0x00007ff8b8c67000 	C:\WINDOWS\SYSTEM32\ntdll.dll
0x00007ff8b79d0000 - 0x00007ff8b7a94000 	C:\WINDOWS\System32\KERNEL32.DLL
0x00007ff8b5f00000 - 0x00007ff8b62b7000 	C:\WINDOWS\System32\KERNELBASE.dll
0x00007ff8b5d60000 - 0x00007ff8b5e71000 	C:\WINDOWS\System32\ucrtbase.dll
0x00007ff8ac260000 - 0x00007ff8ac27b000 	C:\Program Files\Java\jdk-22\bin\VCRUNTIME140.dll
0x00007ff88ba80000 - 0x00007ff88ba97000 	C:\Program Files\Java\jdk-22\bin\jli.dll
0x00007ff8b6c90000 - 0x00007ff8b6e3f000 	C:\WINDOWS\System32\USER32.dll
0x00007ff89f860000 - 0x00007ff89faf3000 	C:\WINDOWS\WinSxS\amd64_microsoft.windows.common-controls_6595b64144ccf1df_6.0.22621.3672_none_2713b9d173822955\COMCTL32.dll
0x00007ff8b66e0000 - 0x00007ff8b6706000 	C:\WINDOWS\System32\win32u.dll
0x00007ff8b7c00000 - 0x00007ff8b7ca7000 	C:\WINDOWS\System32\msvcrt.dll
0x00007ff8b8980000 - 0x00007ff8b89a9000 	C:\WINDOWS\System32\GDI32.dll
0x00007ff8b6450000 - 0x00007ff8b6568000 	C:\WINDOWS\System32\gdi32full.dll
0x00007ff8b6380000 - 0x00007ff8b641a000 	C:\WINDOWS\System32\msvcp_win.dll
0x00007ff8b6f90000 - 0x00007ff8b6fc1000 	C:\WINDOWS\System32\IMM32.DLL
0x00007ff8ada20000 - 0x00007ff8ada2c000 	C:\Program Files\Java\jdk-22\bin\vcruntime140_1.dll
0x00007ff8a0930000 - 0x00007ff8a09be000 	C:\Program Files\Java\jdk-22\bin\msvcp140.dll
0x00007ff82f8e0000 - 0x00007ff830629000 	C:\Program Files\Java\jdk-22\bin\server\jvm.dll
0x00007ff8b6ed0000 - 0x00007ff8b6f82000 	C:\WINDOWS\System32\ADVAPI32.dll
0x00007ff8b7cb0000 - 0x00007ff8b7d58000 	C:\WINDOWS\System32\sechost.dll
0x00007ff8b6420000 - 0x00007ff8b6448000 	C:\WINDOWS\System32\bcrypt.dll
0x00007ff8b74e0000 - 0x00007ff8b75f4000 	C:\WINDOWS\System32\RPCRT4.dll
0x00007ff8b6c10000 - 0x00007ff8b6c81000 	C:\WINDOWS\System32\WS2_32.dll
0x00007ff8b5c30000 - 0x00007ff8b5c7d000 	C:\WINDOWS\SYSTEM32\POWRPROF.dll
0x00007ff8acac0000 - 0x00007ff8acaca000 	C:\WINDOWS\SYSTEM32\VERSION.dll
0x00007ff8b0b10000 - 0x00007ff8b0b44000 	C:\WINDOWS\SYSTEM32\WINMM.dll
0x00007ff8b5c10000 - 0x00007ff8b5c23000 	C:\WINDOWS\SYSTEM32\UMPDC.dll
0x00007ff8b4db0000 - 0x00007ff8b4dc8000 	C:\WINDOWS\SYSTEM32\kernel.appcore.dll
0x00007ff8ad0e0000 - 0x00007ff8ad0ea000 	C:\Program Files\Java\jdk-22\bin\jimage.dll
0x00007ff8b37c0000 - 0x00007ff8b39f2000 	C:\WINDOWS\SYSTEM32\DBGHELP.DLL
0x00007ff8b85f0000 - 0x00007ff8b897e000 	C:\WINDOWS\System32\combase.dll
0x00007ff8b73b0000 - 0x00007ff8b7487000 	C:\WINDOWS\System32\OLEAUT32.dll
0x00007ff8ad080000 - 0x00007ff8ad0b2000 	C:\WINDOWS\SYSTEM32\dbgcore.DLL
0x00007ff8b5e80000 - 0x00007ff8b5efb000 	C:\WINDOWS\System32\bcryptPrimitives.dll
0x00007ff8a9820000 - 0x00007ff8a983e000 	C:\Program Files\Java\jdk-22\bin\java.dll
0x00007ff8b7d60000 - 0x00007ff8b85c9000 	C:\WINDOWS\System32\SHELL32.dll
0x00007ff8b6fd0000 - 0x00007ff8b7175000 	C:\WINDOWS\System32\ole32.dll

dbghelp: loaded successfully - version: 4.0.5 - missing functions: none
symbol engine: initialized successfully - sym options: 0x614 - pdb path: .;C:\Program Files\Java\jdk-22\bin;C:\WINDOWS\SYSTEM32;C:\WINDOWS\WinSxS\amd64_microsoft.windows.common-controls_6595b64144ccf1df_6.0.22621.3672_none_2713b9d173822955;C:\Program Files\Java\jdk-22\bin\server

VM Arguments:
jvm_args: -Dfile.encoding=UTF-8 --module-path=D:\ICBT Campus 2024\Semester 02\Object Oriented Programming\Assignment\ThePawsShop\build\classes 
java_command: thepawsshop.AddProducts
java_class_path (initial): C:\Program Files\NetBeans-22\netbeans\java\modules\ext\AbsoluteLayout.jar;D:\mysql-connector-j-9.0.0\mysql-connector-j-9.0.0\mysql-connector-j-9.0.0.jar;D:\ICBT Campus 2024\Semester 02\Object Oriented Programming\Assignment\ThePawsShop\build\classes
Launcher Type: SUN_STANDARD

[Global flags]
     intx CICompilerCount                          = 4                                         {product} {ergonomic}
     uint ConcGCThreads                            = 2                                         {product} {ergonomic}
     uint G1ConcRefinementThreads                  = 8                                         {product} {ergonomic}
   size_t G1HeapRegionSize                         = 2097152                                   {product} {ergonomic}
   size_t InitialHeapSize                          = 234881024                                 {product} {ergonomic}
   size_t MarkStackSize                            = 4194304                                   {product} {ergonomic}
   size_t MaxHeapSize                              = 3737124864                                {product} {ergonomic}
   size_t MinHeapDeltaBytes                        = 2097152                                   {product} {ergonomic}
   size_t MinHeapSize                              = 8388608                                   {product} {ergonomic}
    uintx NonNMethodCodeHeapSize                   = 5839372                                {pd product} {ergonomic}
    uintx NonProfiledCodeHeapSize                  = 122909434                              {pd product} {ergonomic}
    uintx ProfiledCodeHeapSize                     = 122909434                              {pd product} {ergonomic}
    uintx ReservedCodeCacheSize                    = 251658240                              {pd product} {ergonomic}
     bool SegmentedCodeCache                       = true                                      {product} {ergonomic}
   size_t SoftMaxHeapSize                          = 3737124864                             {manageable} {ergonomic}
     bool UseCompressedOops                        = true                           {product lp64_product} {ergonomic}
     bool UseG1GC                                  = true                                      {product} {ergonomic}
     bool UseLargePagesIndividualAllocation        = false                                  {pd product} {ergonomic}

Logging:
Log output configuration:
 #0: stdout all=warning uptime,level,tags foldmultilines=false
 #1: stderr all=off uptime,level,tags foldmultilines=false

Environment Variables:
PATH=D:\Program Files\VMware\VMware Workstation\bin\;C:\Program Files\Common Files\Oracle\Java\javapath;C:\Program Files (x86)\Common Files\Oracle\Java\java8path;C:\Program Files (x86)\Common Files\Oracle\Java\javapath;C:\Program Files (x86)\Common Files\Intel\Shared Libraries\redist\intel64\compiler;C:\WINDOWS\system32;C:\WINDOWS;C:\WINDOWS\System32\Wbem;C:\WINDOWS\System32\WindowsPowerShell\v1.0\;C:\WINDOWS\System32\OpenSSH\;C:\Program Files\Microsoft SQL Server\Client SDK\ODBC\170\Tools\Binn\;C:\Program Files (x86)\Microsoft SQL Server\150\Tools\Binn\;C:\Program Files\Microsoft SQL Server\150\Tools\Binn\;C:\Program Files\Microsoft SQL Server\150\DTS\Binn\;C:\Program Files\nodejs\;C:\TDM-GCC-64\bin;C:\Program Files\HP\HP One Agent;C:\Program Files (x86)\Windows Kits\10\Windows Performance Toolkit\;C:\Program Files\Git\cmd;C:\Program Files\dotnet\;C:\Users\Pasan Ekanayake\AppData\Local\Programs\Python\Python38\Scripts\;C:\Users\Pasan Ekanayake\AppData\Local\Programs\Python\Python38\;C:\Users\Pasan Ekanayake\AppData\Local\Microsoft\WindowsApps;C:\Users\Pasan Ekanayake\AppData\Local\Programs\Microsoft VS Code\bin;C:\xampp\cgi-bin;C:\Users\Pasan Ekanayake\AppData\Roaming\npm;C:\Program Files\Java\jdk-13.0.2\bin;C:\Users\Pasan Ekanayake\AppData\Local\GitHubDesktop\bin
USERNAME=Pasan Ekanayake
OS=Windows_NT
PROCESSOR_IDENTIFIER=AMD64 Family 23 Model 24 Stepping 1, AuthenticAMD
TMP=C:\Users\PASANE~1\AppData\Local\Temp
TEMP=C:\Users\PASANE~1\AppData\Local\Temp




Periodic native trim disabled

---------------  S Y S T E M  ---------------

OS:
 Windows 11 , 64 bit Build 22621 (10.0.22621.3958)
OS uptime: 16 days 16:47 hours

CPU: total 8 (initial active 8) (8 cores per cpu, 2 threads per core) family 23 model 24 stepping 1 microcode 0x0, cx8, cmov, fxsr, ht, mmx, 3dnowpref, sse, sse2, sse3, ssse3, sse4a, sse4.1, sse4.2, popcnt, lzcnt, tsc, tscinvbit, avx, avx2, aes, clmul, bmi1, bmi2, adx, sha, fma, vzeroupper, clflush, clflushopt, rdtscp, f16c
Processor Information for all 8 processors :
  Max Mhz: 2100, Current Mhz: 2100, Mhz Limit: 2100

Memory: 4k page, system-wide physical 14249M (2503M free)
TotalPageFile size 28073M (AvailPageFile size 167M)
current process WorkingSet (physical memory assigned to process): 12M, peak: 12M
current process commit charge ("private bytes"): 60M, peak: 284M

vm_info: Java HotSpot(TM) 64-Bit Server VM (22.0.2+9-70) for windows-amd64 JRE (22.0.2+9-70), built on 2024-06-04T16:52:23Z by "mach5one" with MS VC++ 17.6 (VS2022)

END.
